[35m[Appium][39m Welcome to Appium v1.22.3
[35m[Appium][39m Non-default server args:
[35m[Appium][39m   port: 58820
[35m[Appium][39m   loglevel: info
[35m[Appium][39m   tmpDir: C:\Users\muham\AppData\Local\Temp\\Katalon\Appium\Temp1663090543374
[35m[Appium][39m   chromedriverPort: 58821
[35m[Appium][39m Deprecated server args:
[35m[Appium][39m   [31m--chromedriver-port[39m => --default-capabilities
[35m[Appium][39m Default capabilities, which will be added to each request unless overridden by desired capabilities:
[35m[Appium][39m   chromedriverPort: 58821
[35m[Appium][39m Appium REST http interface listener started on 0.0.0.0:58820
[35m[HTTP][39m [37m-->[39m [37mGET[39m [37m/wd/hub/status[39m
[35m[HTTP][39m [90m{}[39m
[35m[HTTP][39m [37m<-- GET /wd/hub/status [39m[32m200[39m [90m11 ms - 68[39m
[35m[HTTP][39m [90m[39m
[35m[HTTP][39m [37m-->[39m [37mGET[39m [37m/wd/hub/status[39m
[35m[HTTP][39m [90m{}[39m
[35m[HTTP][39m [37m<-- GET /wd/hub/status [39m[32m200[39m [90m3 ms - 68[39m
[35m[HTTP][39m [90m[39m
[35m[HTTP][39m [37m-->[39m [37mPOST[39m [37m/wd/hub/session[39m
[35m[HTTP][39m [90m{"desiredCapabilities":{"appActivity":".Settings","appPackage":"com.android.settings","newCommandTimeout":1800,"platformVersion":"9","automationName":"uiautomator2","autoGrantPermissions":true,"platformName":"Android","udid":"52009a9fec497433","deviceName":"samsung SM-J730G (Android 9)","platform":"ANDROID","systemPort":8276},"capabilities":{"firstMatch":[{"appium:appActivity":".Settings","appium:appPackage":"com.android.settings","appium:autoGrantPermissions":true,"appium:automationName":"uiautomator2","appium:deviceName":"samsung SM-J730G (Android 9)","appium:newCommandTimeout":1800,"platform":"ANDROID","platformName":"android","appium:platformVersion":"9","appium:systemPort":8276,"appium:udid":"52009a9fec497433"}]}}[39m
[35m[BaseDriver][39m The following capabilities are not standard capabilities and should have an extension prefix:
[35m[BaseDriver][39m   platform
[35m[BaseDriver][39m   chromedriverPort
[35m[Appium][39m Appium v1.22.3 creating new AndroidUiautomator2Driver (v1.70.1) session
[35m[BaseDriver][39m The following capabilities were provided, but are not recognized by Appium:
[35m[BaseDriver][39m   platform
[35m[BaseDriver][39m Session created with session id: fcea893e-9f33-429d-933d-7caef722e502
[35m[UiAutomator2][39m Starting 'com.android.settings' directly on the device
[35m[ADB][39m Found 3 'build-tools' folders under 'C:\Users\muham\AppData\Local\Android\Sdk' (newest first):
[35m[ADB][39m     C:/Users/muham/AppData/Local/Android/Sdk/build-tools/33.0.0
[35m[ADB][39m     C:/Users/muham/AppData/Local/Android/Sdk/build-tools/30.0.3
[35m[ADB][39m     C:/Users/muham/AppData/Local/Android/Sdk/build-tools/27.0.3
[35m[ADB][39m Using 'adb.exe' from 'C:\Users\muham\AppData\Local\Android\Sdk\platform-tools\adb.exe'
[35m[AndroidDriver][39m Retrieving device list
[35m[AndroidDriver][39m Using device: 52009a9fec497433
[35m[ADB][39m Using 'adb.exe' from 'C:\Users\muham\AppData\Local\Android\Sdk\platform-tools\adb.exe'
[35m[ADB][39m Getting device platform version
[35m[UiAutomator2][39m Relaxing hidden api policy
[35m[AndroidDriver][39m No app sent in, not parsing package/activity
[35m[ADB][39m Using 'apksigner.jar' from 'C:\Users\muham\AppData\Local\Android\Sdk\build-tools\33.0.0\lib\apksigner.jar'
[35m[ADB][39m 'C:\Users\muham\AppData\Roaming\npm\node_modules\appium\node_modules\appium-uiautomator2-server\apks\appium-uiautomator2-server-v4.27.0.apk' is signed with the default certificate
[35m[ADB][39m 'C:\Users\muham\AppData\Roaming\npm\node_modules\appium\node_modules\appium-uiautomator2-server\apks\appium-uiautomator2-server-debug-androidTest.apk' is signed with the default certificate
[35m[UiAutomator2][39m Server packages are not going to be (re)installed
[35m[ADB][39m Adding packages ["io.appium.settings","io.appium.uiautomator2.server","io.appium.uiautomator2.server.test"] to Doze whitelist
[35m[UiAutomator2][39m Starting UIAutomator2 server 4.27.0
[35m[UiAutomator2][39m Using UIAutomator2 server from 'C:\Users\muham\AppData\Roaming\npm\node_modules\appium\node_modules\appium-uiautomator2-server\apks\appium-uiautomator2-server-v4.27.0.apk' and test from 'C:\Users\muham\AppData\Roaming\npm\node_modules\appium\node_modules\appium-uiautomator2-server\apks\appium-uiautomator2-server-debug-androidTest.apk'
[35m[UiAutomator2][39m Waiting up to 30000ms for UiAutomator2 to be online...
[35m[WD Proxy][39m socket hang up
[35m[WD Proxy][39m socket hang up
[35m[WD Proxy][39m socket hang up
[35m[WD Proxy][39m socket hang up
[35m[WD Proxy][39m socket hang up
[35m[WD Proxy][39m socket hang up
[35m[WD Proxy][39m Determined the downstream protocol as 'W3C'
[35m[AndroidDriver][39m Screen already unlocked, doing nothing
[35m[UiAutomator2][39m Starting 'com.android.settings/.Settings and waiting for 'com.android.settings/.Settings'
[35m[Appium][39m New AndroidUiautomator2Driver session created successfully, session fcea893e-9f33-429d-933d-7caef722e502 added to master session list
[35m[HTTP][39m [37m<-- POST /wd/hub/session [39m[32m200[39m [90m15195 ms - 1175[39m
[35m[HTTP][39m [90m[39m
[35m[HTTP][39m [37m-->[39m [37mGET[39m [37m/wd/hub/session/fcea893e-9f33-429d-933d-7caef722e502[39m
[35m[HTTP][39m [90m{}[39m
[35m[HTTP][39m [37m<-- GET /wd/hub/session/fcea893e-9f33-429d-933d-7caef722e502 [39m[32m200[39m [90m60 ms - 1129[39m
[35m[HTTP][39m [90m[39m
[35m[HTTP][39m [37m-->[39m [37mGET[39m [37m/wd/hub/session/fcea893e-9f33-429d-933d-7caef722e502[39m
[35m[HTTP][39m [90m{}[39m
[35m[HTTP][39m [37m<-- GET /wd/hub/session/fcea893e-9f33-429d-933d-7caef722e502 [39m[32m200[39m [90m36 ms - 1129[39m
[35m[HTTP][39m [90m[39m
[35m[HTTP][39m [37m-->[39m [37mGET[39m [37m/wd/hub/status[39m
[35m[HTTP][39m [90m{}[39m
[35m[HTTP][39m [37m<-- GET /wd/hub/status [39m[32m200[39m [90m2 ms - 68[39m
[35m[HTTP][39m [90m[39m
[35m[HTTP][39m [37m-->[39m [37mPOST[39m [37m/wd/hub/session/fcea893e-9f33-429d-933d-7caef722e502/timeouts[39m
[35m[HTTP][39m [90m{"implicit":60000}[39m
[35m[HTTP][39m [37m<-- POST /wd/hub/session/fcea893e-9f33-429d-933d-7caef722e502/timeouts [39m[32m200[39m [90m5 ms - 14[39m
[35m[HTTP][39m [90m[39m
[35m[HTTP][39m [37m-->[39m [37mGET[39m [37m/wd/hub/session/fcea893e-9f33-429d-933d-7caef722e502/screenshot[39m
[35m[HTTP][39m [90m{}[39m
[35m[HTTP][39m [37m<-- GET /wd/hub/session/fcea893e-9f33-429d-933d-7caef722e502/screenshot [39m[32m200[39m [90m998 ms - 171552[39m
[35m[HTTP][39m [90m[39m
[35m[HTTP][39m [37m-->[39m [37mGET[39m [37m/wd/hub/session/fcea893e-9f33-429d-933d-7caef722e502/window/rect[39m
[35m[HTTP][39m [90m{}[39m
[35m[HTTP][39m [37m<-- GET /wd/hub/session/fcea893e-9f33-429d-933d-7caef722e502/window/rect [39m[32m200[39m [90m67 ms - 50[39m
[35m[HTTP][39m [90m[39m
[35m[HTTP][39m [37m-->[39m [37mGET[39m [37m/wd/hub/session/fcea893e-9f33-429d-933d-7caef722e502/appium/device/system_bars[39m
[35m[HTTP][39m [90m{}[39m
[35m[HTTP][39m [37m<-- GET /wd/hub/session/fcea893e-9f33-429d-933d-7caef722e502/appium/device/system_bars [39m[31m500[39m [90m221 ms - 647[39m
[35m[HTTP][39m [90m[39m
[35m[HTTP][39m [37m-->[39m [37mPOST[39m [37m/wd/hub/session/fcea893e-9f33-429d-933d-7caef722e502/execute/sync[39m
[35m[HTTP][39m [90m{"script":"mobile:viewportRect","args":[]}[39m
[35m[AndroidDriver][39m Executing native command 'mobile:viewportRect'
[35m[HTTP][39m [37m<-- POST /wd/hub/session/fcea893e-9f33-429d-933d-7caef722e502/execute/sync [39m[32m200[39m [90m63 ms - 56[39m
[35m[HTTP][39m [90m[39m
[35m[HTTP][39m [37m-->[39m [37mPOST[39m [37m/wd/hub/session/fcea893e-9f33-429d-933d-7caef722e502/appium/device/activate_app[39m
[35m[HTTP][39m [90m{"bundleId":"com.grabtaxi.passenger"}[39m
[35m[HTTP][39m [37m<-- POST /wd/hub/session/fcea893e-9f33-429d-933d-7caef722e502/appium/device/activate_app [39m[32m200[39m [90m1139 ms - 14[39m
[35m[HTTP][39m [90m[39m
[35m[HTTP][39m [37m-->[39m [37mGET[39m [37m/wd/hub/session/fcea893e-9f33-429d-933d-7caef722e502/source[39m
[35m[HTTP][39m [90m{}[39m
[35m[W3C (fcea893e)][39m Driver proxy active, passing request on via HTTP proxy
[35m[WD Proxy][39m Replacing sessionId 7a84731e-f9fe-4ae9-8a5f-829f00e12db8 with fcea893e-9f33-429d-933d-7caef722e502
[35m[HTTP][39m [37m<-- GET /wd/hub/session/fcea893e-9f33-429d-933d-7caef722e502/source [39m[32m200[39m [90m2284 ms - 71331[39m
[35m[HTTP][39m [90m[39m
[35m[HTTP][39m [37m-->[39m [37mGET[39m [37m/wd/hub/session/fcea893e-9f33-429d-933d-7caef722e502/screenshot[39m
[35m[HTTP][39m [90m{}[39m
[35m[HTTP][39m [37m<-- GET /wd/hub/session/fcea893e-9f33-429d-933d-7caef722e502/screenshot [39m[32m200[39m [90m1381 ms - 744178[39m
[35m[HTTP][39m [90m[39m
[35m[HTTP][39m [37m-->[39m [37mGET[39m [37m/wd/hub/session/fcea893e-9f33-429d-933d-7caef722e502/context[39m
[35m[HTTP][39m [90m{}[39m
[35m[HTTP][39m [37m<-- GET /wd/hub/session/fcea893e-9f33-429d-933d-7caef722e502/context [39m[32m200[39m [90m2 ms - 22[39m
[35m[HTTP][39m [90m[39m
[35m[HTTP][39m [37m-->[39m [37mGET[39m [37m/wd/hub/session/fcea893e-9f33-429d-933d-7caef722e502/contexts[39m
[35m[HTTP][39m [90m{}[39m
[35m[HTTP][39m [37m<-- GET /wd/hub/session/fcea893e-9f33-429d-933d-7caef722e502/contexts [39m[32m200[39m [90m115 ms - 24[39m
[35m[HTTP][39m [90m[39m
[35m[HTTP][39m [37m-->[39m [37mPOST[39m [37m/wd/hub/session/fcea893e-9f33-429d-933d-7caef722e502/context[39m
[35m[HTTP][39m [90m{"name":"NATIVE_APP"}[39m
[35m[HTTP][39m [37m<-- POST /wd/hub/session/fcea893e-9f33-429d-933d-7caef722e502/context [39m[32m200[39m [90m3 ms - 14[39m
[35m[HTTP][39m [90m[39m
[35m[HTTP][39m [37m-->[39m [37mPOST[39m [37m/wd/hub/session/fcea893e-9f33-429d-933d-7caef722e502/touch/perform[39m
[35m[HTTP][39m [90m{"actions":[{"action":"press","options":{"x":940,"y":410}},{"action":"wait","options":{"ms":500}},{"action":"moveTo","options":{"x":220,"y":410}},{"action":"release","options":{}}]}[39m
[35m[HTTP][39m [37m<-- POST /wd/hub/session/fcea893e-9f33-429d-933d-7caef722e502/touch/perform [39m[32m200[39m [90m1158 ms - 14[39m
[35m[HTTP][39m [90m[39m
[35m[HTTP][39m [37m-->[39m [37mPOST[39m [37m/wd/hub/session/fcea893e-9f33-429d-933d-7caef722e502/context[39m
[35m[HTTP][39m [90m{"name":"NATIVE_APP"}[39m
[35m[HTTP][39m [37m<-- POST /wd/hub/session/fcea893e-9f33-429d-933d-7caef722e502/context [39m[32m200[39m [90m3 ms - 14[39m
[35m[HTTP][39m [90m[39m
[35m[HTTP][39m [37m-->[39m [37mGET[39m [37m/wd/hub/session/fcea893e-9f33-429d-933d-7caef722e502/source[39m
[35m[HTTP][39m [90m{}[39m
[35m[W3C (fcea893e)][39m Driver proxy active, passing request on via HTTP proxy
[35m[WD Proxy][39m Replacing sessionId 7a84731e-f9fe-4ae9-8a5f-829f00e12db8 with fcea893e-9f33-429d-933d-7caef722e502
[35m[HTTP][39m [37m<-- GET /wd/hub/session/fcea893e-9f33-429d-933d-7caef722e502/source [39m[32m200[39m [90m2220 ms - 71432[39m
[35m[HTTP][39m [90m[39m
[35m[HTTP][39m [37m-->[39m [37mGET[39m [37m/wd/hub/session/fcea893e-9f33-429d-933d-7caef722e502/screenshot[39m
[35m[HTTP][39m [90m{}[39m
[35m[HTTP][39m [37m<-- GET /wd/hub/session/fcea893e-9f33-429d-933d-7caef722e502/screenshot [39m[32m200[39m [90m1371 ms - 748120[39m
[35m[HTTP][39m [90m[39m
[35m[HTTP][39m [37m-->[39m [37mGET[39m [37m/wd/hub/session/fcea893e-9f33-429d-933d-7caef722e502/context[39m
[35m[HTTP][39m [90m{}[39m
[35m[HTTP][39m [37m<-- GET /wd/hub/session/fcea893e-9f33-429d-933d-7caef722e502/context [39m[32m200[39m [90m1 ms - 22[39m
[35m[HTTP][39m [90m[39m
[35m[HTTP][39m [37m-->[39m [37mGET[39m [37m/wd/hub/session/fcea893e-9f33-429d-933d-7caef722e502/contexts[39m
[35m[HTTP][39m [90m{}[39m
[35m[HTTP][39m [37m<-- GET /wd/hub/session/fcea893e-9f33-429d-933d-7caef722e502/contexts [39m[32m200[39m [90m117 ms - 24[39m
[35m[HTTP][39m [90m[39m
[35m[HTTP][39m [37m-->[39m [37mPOST[39m [37m/wd/hub/session/fcea893e-9f33-429d-933d-7caef722e502/context[39m
[35m[HTTP][39m [90m{"name":"NATIVE_APP"}[39m
[35m[HTTP][39m [37m<-- POST /wd/hub/session/fcea893e-9f33-429d-933d-7caef722e502/context [39m[32m200[39m [90m3 ms - 14[39m
[35m[HTTP][39m [90m[39m
[35m[HTTP][39m [37m-->[39m [37mPOST[39m [37m/wd/hub/session/fcea893e-9f33-429d-933d-7caef722e502/touch/perform[39m
[35m[HTTP][39m [90m{"actions":[{"action":"press","options":{"x":940,"y":410}},{"action":"wait","options":{"ms":500}},{"action":"moveTo","options":{"x":220,"y":410}},{"action":"release","options":{}}]}[39m
[35m[HTTP][39m [37m<-- POST /wd/hub/session/fcea893e-9f33-429d-933d-7caef722e502/touch/perform [39m[32m200[39m [90m1082 ms - 14[39m
[35m[HTTP][39m [90m[39m
[35m[HTTP][39m [37m-->[39m [37mPOST[39m [37m/wd/hub/session/fcea893e-9f33-429d-933d-7caef722e502/context[39m
[35m[HTTP][39m [90m{"name":"NATIVE_APP"}[39m
[35m[HTTP][39m [37m<-- POST /wd/hub/session/fcea893e-9f33-429d-933d-7caef722e502/context [39m[32m200[39m [90m2 ms - 14[39m
[35m[HTTP][39m [90m[39m
[35m[HTTP][39m [37m-->[39m [37mGET[39m [37m/wd/hub/session/fcea893e-9f33-429d-933d-7caef722e502/source[39m
[35m[HTTP][39m [90m{}[39m
[35m[W3C (fcea893e)][39m Driver proxy active, passing request on via HTTP proxy
[35m[WD Proxy][39m Replacing sessionId 7a84731e-f9fe-4ae9-8a5f-829f00e12db8 with fcea893e-9f33-429d-933d-7caef722e502
[35m[HTTP][39m [37m<-- GET /wd/hub/session/fcea893e-9f33-429d-933d-7caef722e502/source [39m[32m200[39m [90m983 ms - 69398[39m
[35m[HTTP][39m [90m[39m
[35m[HTTP][39m [37m-->[39m [37mGET[39m [37m/wd/hub/session/fcea893e-9f33-429d-933d-7caef722e502/screenshot[39m
[35m[HTTP][39m [90m{}[39m
[35m[HTTP][39m [37m<-- GET /wd/hub/session/fcea893e-9f33-429d-933d-7caef722e502/screenshot [39m[32m200[39m [90m1418 ms - 738746[39m
[35m[HTTP][39m [90m[39m
[35m[HTTP][39m [37m-->[39m [37mPOST[39m [37m/wd/hub/session/fcea893e-9f33-429d-933d-7caef722e502/elements[39m
[35m[HTTP][39m [90m{"using":"xpath","value":"//*[@class = 'android.widget.TextView' and (@text = 'Prepaid' or . = 'Prepaid') and @resource-id = 'com.grabtaxi.passenger:id/tile_text']"}[39m
[35m[HTTP][39m [37m<-- POST /wd/hub/session/fcea893e-9f33-429d-933d-7caef722e502/elements [39m[32m200[39m [90m2518 ms - 139[39m
[35m[HTTP][39m [90m[39m
[35m[HTTP][39m [37m-->[39m [37mGET[39m [37m/wd/hub/session/fcea893e-9f33-429d-933d-7caef722e502/window/rect[39m
[35m[HTTP][39m [90m{}[39m
[35m[HTTP][39m [37m<-- GET /wd/hub/session/fcea893e-9f33-429d-933d-7caef722e502/window/rect [39m[32m200[39m [90m30 ms - 50[39m
[35m[HTTP][39m [90m[39m
[35m[HTTP][39m [37m-->[39m [37mPOST[39m [37m/wd/hub/session/fcea893e-9f33-429d-933d-7caef722e502/elements[39m
[35m[HTTP][39m [90m{"using":"xpath","value":"//*[@class = 'android.widget.TextView' and (@text = 'Prepaid' or . = 'Prepaid') and @resource-id = 'com.grabtaxi.passenger:id/tile_text']"}[39m
[35m[HTTP][39m [37m<-- POST /wd/hub/session/fcea893e-9f33-429d-933d-7caef722e502/elements [39m[32m200[39m [90m894 ms - 139[39m
[35m[HTTP][39m [90m[39m
[35m[HTTP][39m [37m-->[39m [37mGET[39m [37m/wd/hub/session/fcea893e-9f33-429d-933d-7caef722e502/element/00000000-0000-02e6-ffff-ffff00000045/location[39m
[35m[HTTP][39m [90m{}[39m
[35m[W3C (fcea893e)][39m Driver proxy active, passing request on via HTTP proxy
[35m[WD Proxy][39m Replacing sessionId 7a84731e-f9fe-4ae9-8a5f-829f00e12db8 with fcea893e-9f33-429d-933d-7caef722e502
[35m[HTTP][39m [37m<-- GET /wd/hub/session/fcea893e-9f33-429d-933d-7caef722e502/element/00000000-0000-02e6-ffff-ffff00000045/location [39m[32m200[39m [90m35 ms - 76[39m
[35m[HTTP][39m [90m[39m
[35m[HTTP][39m [37m-->[39m [37mPOST[39m [37m/wd/hub/session/fcea893e-9f33-429d-933d-7caef722e502/element/00000000-0000-02e6-ffff-ffff00000045/click[39m
[35m[HTTP][39m [90m{"id":"00000000-0000-02e6-ffff-ffff00000045"}[39m
[35m[HTTP][39m [37m<-- POST /wd/hub/session/fcea893e-9f33-429d-933d-7caef722e502/element/00000000-0000-02e6-ffff-ffff00000045/click [39m[32m200[39m [90m64 ms - 14[39m
[35m[HTTP][39m [90m[39m
[35m[HTTP][39m [37m-->[39m [37mGET[39m [37m/wd/hub/session/fcea893e-9f33-429d-933d-7caef722e502/source[39m
[35m[HTTP][39m [90m{}[39m
[35m[W3C (fcea893e)][39m Driver proxy active, passing request on via HTTP proxy
[35m[WD Proxy][39m Replacing sessionId 7a84731e-f9fe-4ae9-8a5f-829f00e12db8 with fcea893e-9f33-429d-933d-7caef722e502
[35m[HTTP][39m [37m<-- GET /wd/hub/session/fcea893e-9f33-429d-933d-7caef722e502/source [39m[32m200[39m [90m1250 ms - 6385[39m
[35m[HTTP][39m [90m[39m
[35m[HTTP][39m [37m-->[39m [37mGET[39m [37m/wd/hub/session/fcea893e-9f33-429d-933d-7caef722e502/screenshot[39m
[35m[HTTP][39m [90m{}[39m
[35m[HTTP][39m [37m<-- GET /wd/hub/session/fcea893e-9f33-429d-933d-7caef722e502/screenshot [39m[32m200[39m [90m868 ms - 54354[39m
[35m[HTTP][39m [90m[39m
[35m[HTTP][39m [37m-->[39m [37mPOST[39m [37m/wd/hub/session/fcea893e-9f33-429d-933d-7caef722e502/elements[39m
[35m[HTTP][39m [90m{"using":"xpath","value":"//*[@class = 'android.view.ViewGroup' and (@text = '' or . = '')]"}[39m
[35m[HTTP][39m [37m<-- POST /wd/hub/session/fcea893e-9f33-429d-933d-7caef722e502/elements [39m[32m200[39m [90m217 ms - 395[39m
[35m[HTTP][39m [90m[39m
[35m[HTTP][39m [37m-->[39m [37mPOST[39m [37m/wd/hub/session/fcea893e-9f33-429d-933d-7caef722e502/elements[39m
[35m[HTTP][39m [90m{"using":"-android uiautomator","value":"new UiSelector().className(\"android.view.ViewGroup\")"}[39m
[35m[HTTP][39m [37m<-- POST /wd/hub/session/fcea893e-9f33-429d-933d-7caef722e502/elements [39m[32m200[39m [90m97 ms - 395[39m
[35m[HTTP][39m [90m[39m
[35m[HTTP][39m [37m-->[39m [37mGET[39m [37m/wd/hub/session/fcea893e-9f33-429d-933d-7caef722e502/window/rect[39m
[35m[HTTP][39m [90m{}[39m
[35m[HTTP][39m [37m<-- GET /wd/hub/session/fcea893e-9f33-429d-933d-7caef722e502/window/rect [39m[32m200[39m [90m29 ms - 50[39m
[35m[HTTP][39m [90m[39m
[35m[HTTP][39m [37m-->[39m [37mPOST[39m [37m/wd/hub/session/fcea893e-9f33-429d-933d-7caef722e502/elements[39m
[35m[HTTP][39m [90m{"using":"xpath","value":"//hierarchy/android.widget.FrameLayout[1]/android.widget.LinearLayout[1]/android.widget.FrameLayout[1]/android.widget.LinearLayout[1]/android.widget.FrameLayout[1]/android.view.ViewGroup[1]/androidx.recyclerview.widget.RecyclerView[1]/android.view.ViewGroup[1]"}[39m
[35m[HTTP][39m [37m<-- POST /wd/hub/session/fcea893e-9f33-429d-933d-7caef722e502/elements [39m[32m200[39m [90m191 ms - 139[39m
[35m[HTTP][39m [90m[39m
[35m[HTTP][39m [37m-->[39m [37mGET[39m [37m/wd/hub/session/fcea893e-9f33-429d-933d-7caef722e502/element/00000000-0000-02ed-ffff-ffff0000014c/location[39m
[35m[HTTP][39m [90m{}[39m
[35m[W3C (fcea893e)][39m Driver proxy active, passing request on via HTTP proxy
[35m[WD Proxy][39m Replacing sessionId 7a84731e-f9fe-4ae9-8a5f-829f00e12db8 with fcea893e-9f33-429d-933d-7caef722e502
[35m[HTTP][39m [37m<-- GET /wd/hub/session/fcea893e-9f33-429d-933d-7caef722e502/element/00000000-0000-02ed-ffff-ffff0000014c/location [39m[32m200[39m [90m434 ms - 76[39m
[35m[HTTP][39m [90m[39m
[35m[HTTP][39m [37m-->[39m [37mPOST[39m [37m/wd/hub/session/fcea893e-9f33-429d-933d-7caef722e502/element/00000000-0000-02ed-ffff-ffff0000014c/click[39m
[35m[HTTP][39m [90m{"id":"00000000-0000-02ed-ffff-ffff0000014c"}[39m
[35m[HTTP][39m [37m<-- POST /wd/hub/session/fcea893e-9f33-429d-933d-7caef722e502/element/00000000-0000-02ed-ffff-ffff0000014c/click [39m[32m200[39m [90m83 ms - 14[39m
[35m[HTTP][39m [90m[39m
[35m[HTTP][39m [37m-->[39m [37mGET[39m [37m/wd/hub/session/fcea893e-9f33-429d-933d-7caef722e502/source[39m
[35m[HTTP][39m [90m{}[39m
[35m[W3C (fcea893e)][39m Driver proxy active, passing request on via HTTP proxy
[35m[WD Proxy][39m Replacing sessionId 7a84731e-f9fe-4ae9-8a5f-829f00e12db8 with fcea893e-9f33-429d-933d-7caef722e502
[35m[HTTP][39m [37m<-- GET /wd/hub/session/fcea893e-9f33-429d-933d-7caef722e502/source [39m[32m200[39m [90m2608 ms - 17488[39m
[35m[HTTP][39m [90m[39m
[35m[HTTP][39m [37m-->[39m [37mGET[39m [37m/wd/hub/session/fcea893e-9f33-429d-933d-7caef722e502/screenshot[39m
[35m[HTTP][39m [90m{}[39m
[35m[HTTP][39m [37m<-- GET /wd/hub/session/fcea893e-9f33-429d-933d-7caef722e502/screenshot [39m[32m200[39m [90m956 ms - 167060[39m
[35m[HTTP][39m [90m[39m
[35m[HTTP][39m [37m-->[39m [37mPOST[39m [37m/wd/hub/session/fcea893e-9f33-429d-933d-7caef722e502/elements[39m
[35m[HTTP][39m [90m{"using":"xpath","value":"//*[@class = 'android.widget.LinearLayout' and @resource-id = 'com.grabtaxi.passenger:id/container' and (@text = '' or . = '')]"}[39m
[35m[HTTP][39m [37m<-- POST /wd/hub/session/fcea893e-9f33-429d-933d-7caef722e502/elements [39m[32m200[39m [90m300 ms - 651[39m
[35m[HTTP][39m [90m[39m
[35m[HTTP][39m [37m-->[39m [37mPOST[39m [37m/wd/hub/session/fcea893e-9f33-429d-933d-7caef722e502/elements[39m
[35m[HTTP][39m [90m{"using":"id","value":"com.grabtaxi.passenger:id/container"}[39m
[35m[HTTP][39m [37m<-- POST /wd/hub/session/fcea893e-9f33-429d-933d-7caef722e502/elements [39m[32m200[39m [90m72 ms - 779[39m
[35m[HTTP][39m [90m[39m
[35m[HTTP][39m [37m-->[39m [37mPOST[39m [37m/wd/hub/session/fcea893e-9f33-429d-933d-7caef722e502/elements[39m
[35m[HTTP][39m [90m{"using":"-android uiautomator","value":"new UiSelector().className(\"android.widget.LinearLayout\").resourceId(\"com.grabtaxi.passenger:id/container\")"}[39m
[35m[HTTP][39m [37m<-- POST /wd/hub/session/fcea893e-9f33-429d-933d-7caef722e502/elements [39m[32m200[39m [90m187 ms - 651[39m
[35m[HTTP][39m [90m[39m
[35m[HTTP][39m [37m-->[39m [37mGET[39m [37m/wd/hub/session/fcea893e-9f33-429d-933d-7caef722e502/window/rect[39m
[35m[HTTP][39m [90m{}[39m
[35m[HTTP][39m [37m<-- GET /wd/hub/session/fcea893e-9f33-429d-933d-7caef722e502/window/rect [39m[32m200[39m [90m45 ms - 50[39m
[35m[HTTP][39m [90m[39m
[35m[HTTP][39m [37m-->[39m [37mPOST[39m [37m/wd/hub/session/fcea893e-9f33-429d-933d-7caef722e502/elements[39m
[35m[HTTP][39m [90m{"using":"xpath","value":"//hierarchy/android.widget.FrameLayout[1]/android.widget.LinearLayout[1]/android.widget.FrameLayout[1]/android.widget.FrameLayout[1]/android.widget.FrameLayout[1]/android.widget.FrameLayout[1]/android.view.ViewGroup[1]/android.widget.FrameLayout[1]/android.widget.LinearLayout[1]/androidx.recyclerview.widget.RecyclerView[1]/android.widget.LinearLayout[1]/android.widget.LinearLayout[1]"}[39m
[35m[HTTP][39m [37m<-- POST /wd/hub/session/fcea893e-9f33-429d-933d-7caef722e502/elements [39m[32m200[39m [90m234 ms - 139[39m
[35m[HTTP][39m [90m[39m
[35m[HTTP][39m [37m-->[39m [37mGET[39m [37m/wd/hub/session/fcea893e-9f33-429d-933d-7caef722e502/element/00000000-0000-02f9-ffff-ffff000001a5/location[39m
[35m[HTTP][39m [90m{}[39m
[35m[W3C (fcea893e)][39m Driver proxy active, passing request on via HTTP proxy
[35m[WD Proxy][39m Replacing sessionId 7a84731e-f9fe-4ae9-8a5f-829f00e12db8 with fcea893e-9f33-429d-933d-7caef722e502
[35m[HTTP][39m [37m<-- GET /wd/hub/session/fcea893e-9f33-429d-933d-7caef722e502/element/00000000-0000-02f9-ffff-ffff000001a5/location [39m[32m200[39m [90m29 ms - 77[39m
[35m[HTTP][39m [90m[39m
[35m[HTTP][39m [37m-->[39m [37mPOST[39m [37m/wd/hub/session/fcea893e-9f33-429d-933d-7caef722e502/element/00000000-0000-02f9-ffff-ffff000001a5/click[39m
[35m[HTTP][39m [90m{"id":"00000000-0000-02f9-ffff-ffff000001a5"}[39m
[35m[HTTP][39m [37m<-- POST /wd/hub/session/fcea893e-9f33-429d-933d-7caef722e502/element/00000000-0000-02f9-ffff-ffff000001a5/click [39m[32m200[39m [90m49 ms - 14[39m
[35m[HTTP][39m [90m[39m
[35m[HTTP][39m [37m-->[39m [37mGET[39m [37m/wd/hub/session/fcea893e-9f33-429d-933d-7caef722e502/source[39m
[35m[HTTP][39m [90m{}[39m
[35m[W3C (fcea893e)][39m Driver proxy active, passing request on via HTTP proxy
[35m[WD Proxy][39m Replacing sessionId 7a84731e-f9fe-4ae9-8a5f-829f00e12db8 with fcea893e-9f33-429d-933d-7caef722e502
[35m[HTTP][39m [37m<-- GET /wd/hub/session/fcea893e-9f33-429d-933d-7caef722e502/source [39m[32m200[39m [90m253 ms - 13057[39m
[35m[HTTP][39m [90m[39m
[35m[HTTP][39m [37m-->[39m [37mGET[39m [37m/wd/hub/session/fcea893e-9f33-429d-933d-7caef722e502/screenshot[39m
[35m[HTTP][39m [90m{}[39m
[35m[HTTP][39m [37m<-- GET /wd/hub/session/fcea893e-9f33-429d-933d-7caef722e502/screenshot [39m[32m200[39m [90m910 ms - 112616[39m
[35m[HTTP][39m [90m[39m
[35m[HTTP][39m [37m-->[39m [37mPOST[39m [37m/wd/hub/session/fcea893e-9f33-429d-933d-7caef722e502/elements[39m
[35m[HTTP][39m [90m{"using":"xpath","value":"//*[@class = 'android.widget.Button' and (@text = 'CONFIRM' or . = 'CONFIRM') and @resource-id = 'com.grabtaxi.passenger:id/confirm_btn']"}[39m
[35m[HTTP][39m [37m<-- POST /wd/hub/session/fcea893e-9f33-429d-933d-7caef722e502/elements [39m[32m200[39m [90m258 ms - 139[39m
[35m[HTTP][39m [90m[39m
[35m[HTTP][39m [37m-->[39m [37mGET[39m [37m/wd/hub/session/fcea893e-9f33-429d-933d-7caef722e502/window/rect[39m
[35m[HTTP][39m [90m{}[39m
[35m[HTTP][39m [37m<-- GET /wd/hub/session/fcea893e-9f33-429d-933d-7caef722e502/window/rect [39m[32m200[39m [90m31 ms - 50[39m
[35m[HTTP][39m [90m[39m
[35m[HTTP][39m [37m-->[39m [37mPOST[39m [37m/wd/hub/session/fcea893e-9f33-429d-933d-7caef722e502/elements[39m
[35m[HTTP][39m [90m{"using":"xpath","value":"//*[@class = 'android.widget.Button' and (@text = 'CONFIRM' or . = 'CONFIRM') and @resource-id = 'com.grabtaxi.passenger:id/confirm_btn']"}[39m
[35m[HTTP][39m [37m<-- POST /wd/hub/session/fcea893e-9f33-429d-933d-7caef722e502/elements [39m[32m200[39m [90m178 ms - 139[39m
[35m[HTTP][39m [90m[39m
[35m[HTTP][39m [37m-->[39m [37mGET[39m [37m/wd/hub/session/fcea893e-9f33-429d-933d-7caef722e502/element/00000000-0000-02f7-ffff-ffff000001ba/location[39m
[35m[HTTP][39m [90m{}[39m
[35m[W3C (fcea893e)][39m Driver proxy active, passing request on via HTTP proxy
[35m[WD Proxy][39m Replacing sessionId 7a84731e-f9fe-4ae9-8a5f-829f00e12db8 with fcea893e-9f33-429d-933d-7caef722e502
[35m[HTTP][39m [37m<-- GET /wd/hub/session/fcea893e-9f33-429d-933d-7caef722e502/element/00000000-0000-02f7-ffff-ffff000001ba/location [39m[32m200[39m [90m26 ms - 78[39m
[35m[HTTP][39m [90m[39m
[35m[HTTP][39m [37m-->[39m [37mPOST[39m [37m/wd/hub/session/fcea893e-9f33-429d-933d-7caef722e502/element/00000000-0000-02f7-ffff-ffff000001ba/click[39m
[35m[HTTP][39m [90m{"id":"00000000-0000-02f7-ffff-ffff000001ba"}[39m
[35m[HTTP][39m [37m<-- POST /wd/hub/session/fcea893e-9f33-429d-933d-7caef722e502/element/00000000-0000-02f7-ffff-ffff000001ba/click [39m[32m200[39m [90m52 ms - 14[39m
[35m[HTTP][39m [90m[39m
[35m[HTTP][39m [37m-->[39m [37mGET[39m [37m/wd/hub/session/fcea893e-9f33-429d-933d-7caef722e502/source[39m
[35m[HTTP][39m [90m{}[39m
[35m[W3C (fcea893e)][39m Driver proxy active, passing request on via HTTP proxy
[35m[WD Proxy][39m Replacing sessionId 7a84731e-f9fe-4ae9-8a5f-829f00e12db8 with fcea893e-9f33-429d-933d-7caef722e502
[35m[HTTP][39m [37m<-- GET /wd/hub/session/fcea893e-9f33-429d-933d-7caef722e502/source [39m[32m200[39m [90m778 ms - 35494[39m
[35m[HTTP][39m [90m[39m
[35m[HTTP][39m [37m-->[39m [37mGET[39m [37m/wd/hub/session/fcea893e-9f33-429d-933d-7caef722e502/screenshot[39m
[35m[HTTP][39m [90m{}[39m
[35m[HTTP][39m [37m<-- GET /wd/hub/session/fcea893e-9f33-429d-933d-7caef722e502/screenshot [39m[32m200[39m [90m886 ms - 155306[39m
[35m[HTTP][39m [90m[39m
[35m[HTTP][39m [37m-->[39m [37mPOST[39m [37m/wd/hub/session/fcea893e-9f33-429d-933d-7caef722e502/elements[39m
[35m[HTTP][39m [90m{"using":"xpath","value":"//*[@class = 'android.widget.LinearLayout' and @resource-id = 'com.grabtaxi.passenger:id/pulsa_item_layout' and (@text = '' or . = '')]"}[39m
[35m[HTTP][39m [37m<-- POST /wd/hub/session/fcea893e-9f33-429d-933d-7caef722e502/elements [39m[32m200[39m [90m398 ms - 907[39m
[35m[HTTP][39m [90m[39m
[35m[HTTP][39m [37m-->[39m [37mPOST[39m [37m/wd/hub/session/fcea893e-9f33-429d-933d-7caef722e502/elements[39m
[35m[HTTP][39m [90m{"using":"id","value":"com.grabtaxi.passenger:id/pulsa_item_layout"}[39m
[35m[HTTP][39m [37m<-- POST /wd/hub/session/fcea893e-9f33-429d-933d-7caef722e502/elements [39m[32m200[39m [90m449 ms - 907[39m
[35m[HTTP][39m [90m[39m
[35m[HTTP][39m [37m-->[39m [37mPOST[39m [37m/wd/hub/session/fcea893e-9f33-429d-933d-7caef722e502/elements[39m
[35m[HTTP][39m [90m{"using":"-android uiautomator","value":"new UiSelector().className(\"android.widget.LinearLayout\").resourceId(\"com.grabtaxi.passenger:id/pulsa_item_layout\")"}[39m
[35m[HTTP][39m [37m<-- POST /wd/hub/session/fcea893e-9f33-429d-933d-7caef722e502/elements [39m[32m200[39m [90m365 ms - 907[39m
[35m[HTTP][39m [90m[39m
[35m[HTTP][39m [37m-->[39m [37mGET[39m [37m/wd/hub/session/fcea893e-9f33-429d-933d-7caef722e502/window/rect[39m
[35m[HTTP][39m [90m{}[39m
[35m[HTTP][39m [37m<-- GET /wd/hub/session/fcea893e-9f33-429d-933d-7caef722e502/window/rect [39m[32m200[39m [90m35 ms - 50[39m
[35m[HTTP][39m [90m[39m
[35m[HTTP][39m [37m-->[39m [37mPOST[39m [37m/wd/hub/session/fcea893e-9f33-429d-933d-7caef722e502/elements[39m
[35m[HTTP][39m [90m{"using":"xpath","value":"//hierarchy/android.widget.FrameLayout[1]/android.widget.LinearLayout[1]/android.widget.FrameLayout[1]/android.widget.LinearLayout[1]/android.widget.FrameLayout[1]/android.view.ViewGroup[1]/android.widget.FrameLayout[1]/android.view.ViewGroup[1]/androidx.recyclerview.widget.RecyclerView[1]/android.widget.FrameLayout[1]/android.widget.LinearLayout[1]"}[39m
[35m[HTTP][39m [37m<-- POST /wd/hub/session/fcea893e-9f33-429d-933d-7caef722e502/elements [39m[32m200[39m [90m287 ms - 139[39m
[35m[HTTP][39m [90m[39m
[35m[HTTP][39m [37m-->[39m [37mGET[39m [37m/wd/hub/session/fcea893e-9f33-429d-933d-7caef722e502/element/00000000-0000-02f7-ffff-ffff000001e3/location[39m
[35m[HTTP][39m [90m{}[39m
[35m[W3C (fcea893e)][39m Driver proxy active, passing request on via HTTP proxy
[35m[WD Proxy][39m Replacing sessionId 7a84731e-f9fe-4ae9-8a5f-829f00e12db8 with fcea893e-9f33-429d-933d-7caef722e502
[35m[HTTP][39m [37m<-- GET /wd/hub/session/fcea893e-9f33-429d-933d-7caef722e502/element/00000000-0000-02f7-ffff-ffff000001e3/location [39m[32m200[39m [90m26 ms - 77[39m
[35m[HTTP][39m [90m[39m
[35m[HTTP][39m [37m-->[39m [37mPOST[39m [37m/wd/hub/session/fcea893e-9f33-429d-933d-7caef722e502/element/00000000-0000-02f7-ffff-ffff000001e3/click[39m
[35m[HTTP][39m [90m{"id":"00000000-0000-02f7-ffff-ffff000001e3"}[39m
[35m[HTTP][39m [37m<-- POST /wd/hub/session/fcea893e-9f33-429d-933d-7caef722e502/element/00000000-0000-02f7-ffff-ffff000001e3/click [39m[32m200[39m [90m46 ms - 14[39m
[35m[HTTP][39m [90m[39m
[35m[HTTP][39m [37m-->[39m [37mGET[39m [37m/wd/hub/session/fcea893e-9f33-429d-933d-7caef722e502/source[39m
[35m[HTTP][39m [90m{}[39m
[35m[W3C (fcea893e)][39m Driver proxy active, passing request on via HTTP proxy
[35m[WD Proxy][39m Replacing sessionId 7a84731e-f9fe-4ae9-8a5f-829f00e12db8 with fcea893e-9f33-429d-933d-7caef722e502
[35m[HTTP][39m [37m<-- GET /wd/hub/session/fcea893e-9f33-429d-933d-7caef722e502/source [39m[32m200[39m [90m938 ms - 19753[39m
[35m[HTTP][39m [90m[39m
[35m[HTTP][39m [37m-->[39m [37mGET[39m [37m/wd/hub/session/fcea893e-9f33-429d-933d-7caef722e502/screenshot[39m
[35m[HTTP][39m [90m{}[39m
[35m[HTTP][39m [37m<-- GET /wd/hub/session/fcea893e-9f33-429d-933d-7caef722e502/screenshot [39m[32m200[39m [90m908 ms - 144136[39m
[35m[HTTP][39m [90m[39m
[35m[HTTP][39m [37m-->[39m [37mPOST[39m [37m/wd/hub/session/fcea893e-9f33-429d-933d-7caef722e502/elements[39m
[35m[HTTP][39m [90m{"using":"xpath","value":"//*[@class = 'android.widget.Button' and (@text = 'Pay RM5.00' or . = 'Pay RM5.00') and @resource-id = 'com.grabtaxi.passenger:id/button']"}[39m
[35m[HTTP][39m [37m<-- POST /wd/hub/session/fcea893e-9f33-429d-933d-7caef722e502/elements [39m[32m200[39m [90m242 ms - 139[39m
[35m[HTTP][39m [90m[39m
[35m[HTTP][39m [37m-->[39m [37mGET[39m [37m/wd/hub/session/fcea893e-9f33-429d-933d-7caef722e502/window/rect[39m
[35m[HTTP][39m [90m{}[39m
[35m[HTTP][39m [37m<-- GET /wd/hub/session/fcea893e-9f33-429d-933d-7caef722e502/window/rect [39m[32m200[39m [90m21 ms - 50[39m
[35m[HTTP][39m [90m[39m
[35m[HTTP][39m [37m-->[39m [37mPOST[39m [37m/wd/hub/session/fcea893e-9f33-429d-933d-7caef722e502/elements[39m
[35m[HTTP][39m [90m{"using":"xpath","value":"//*[@class = 'android.widget.Button' and (@text = 'Pay RM5.00' or . = 'Pay RM5.00') and @resource-id = 'com.grabtaxi.passenger:id/button']"}[39m
[35m[HTTP][39m [37m<-- POST /wd/hub/session/fcea893e-9f33-429d-933d-7caef722e502/elements [39m[32m200[39m [90m205 ms - 139[39m
[35m[HTTP][39m [90m[39m
[35m[HTTP][39m [37m-->[39m [37mGET[39m [37m/wd/hub/session/fcea893e-9f33-429d-933d-7caef722e502/element/00000000-0000-02fb-ffff-ffff0000023c/location[39m
[35m[HTTP][39m [90m{}[39m
[35m[W3C (fcea893e)][39m Driver proxy active, passing request on via HTTP proxy
[35m[WD Proxy][39m Replacing sessionId 7a84731e-f9fe-4ae9-8a5f-829f00e12db8 with fcea893e-9f33-429d-933d-7caef722e502
[35m[HTTP][39m [37m<-- GET /wd/hub/session/fcea893e-9f33-429d-933d-7caef722e502/element/00000000-0000-02fb-ffff-ffff0000023c/location [39m[32m200[39m [90m30 ms - 78[39m
[35m[HTTP][39m [90m[39m
[35m[HTTP][39m [37m-->[39m [37mPOST[39m [37m/wd/hub/session/fcea893e-9f33-429d-933d-7caef722e502/element/00000000-0000-02fb-ffff-ffff0000023c/click[39m
[35m[HTTP][39m [90m{"id":"00000000-0000-02fb-ffff-ffff0000023c"}[39m
[35m[HTTP][39m [37m<-- POST /wd/hub/session/fcea893e-9f33-429d-933d-7caef722e502/element/00000000-0000-02fb-ffff-ffff0000023c/click [39m[32m200[39m [90m47 ms - 14[39m
[35m[HTTP][39m [90m[39m
[35m[HTTP][39m [37m-->[39m [37mGET[39m [37m/wd/hub/session/fcea893e-9f33-429d-933d-7caef722e502/source[39m
[35m[HTTP][39m [90m{}[39m
[35m[W3C (fcea893e)][39m Driver proxy active, passing request on via HTTP proxy
[35m[WD Proxy][39m Replacing sessionId 7a84731e-f9fe-4ae9-8a5f-829f00e12db8 with fcea893e-9f33-429d-933d-7caef722e502
[35m[HTTP][39m [37m<-- GET /wd/hub/session/fcea893e-9f33-429d-933d-7caef722e502/source [39m[32m200[39m [90m635 ms - 20293[39m
[35m[HTTP][39m [90m[39m
[35m[HTTP][39m [37m-->[39m [37mGET[39m [37m/wd/hub/session/fcea893e-9f33-429d-933d-7caef722e502/screenshot[39m
[35m[HTTP][39m [90m{}[39m
[35m[HTTP][39m [37m<-- GET /wd/hub/session/fcea893e-9f33-429d-933d-7caef722e502/screenshot [39m[32m200[39m [90m923 ms - 142518[39m
[35m[HTTP][39m [90m[39m
[35m[HTTP][39m [37m-->[39m [37mGET[39m [37m/wd/hub/session/fcea893e-9f33-429d-933d-7caef722e502/contexts[39m
[35m[HTTP][39m [90m{}[39m
[35m[HTTP][39m [37m<-- GET /wd/hub/session/fcea893e-9f33-429d-933d-7caef722e502/contexts [39m[32m200[39m [90m107 ms - 24[39m
[35m[HTTP][39m [90m[39m
[35m[HTTP][39m [37m-->[39m [37mPOST[39m [37m/wd/hub/session/fcea893e-9f33-429d-933d-7caef722e502/context[39m
[35m[HTTP][39m [90m{"name":"NATIVE_APP"}[39m
[35m[HTTP][39m [37m<-- POST /wd/hub/session/fcea893e-9f33-429d-933d-7caef722e502/context [39m[32m200[39m [90m1 ms - 14[39m
[35m[HTTP][39m [90m[39m
[35m[HTTP][39m [37m-->[39m [37mGET[39m [37m/wd/hub/session/fcea893e-9f33-429d-933d-7caef722e502/source[39m
[35m[HTTP][39m [90m{}[39m
[35m[W3C (fcea893e)][39m Driver proxy active, passing request on via HTTP proxy
[35m[WD Proxy][39m Replacing sessionId 7a84731e-f9fe-4ae9-8a5f-829f00e12db8 with fcea893e-9f33-429d-933d-7caef722e502
[35m[HTTP][39m [37m<-- GET /wd/hub/session/fcea893e-9f33-429d-933d-7caef722e502/source [39m[32m200[39m [90m404 ms - 23639[39m
[35m[HTTP][39m [90m[39m
[35m[HTTP][39m [37m-->[39m [37mGET[39m [37m/wd/hub/session/fcea893e-9f33-429d-933d-7caef722e502/screenshot[39m
[35m[HTTP][39m [90m{}[39m
[35m[HTTP][39m [37m<-- GET /wd/hub/session/fcea893e-9f33-429d-933d-7caef722e502/screenshot [39m[32m200[39m [90m963 ms - 217958[39m
[35m[HTTP][39m [90m[39m
[35m[HTTP][39m [37m-->[39m [37mPOST[39m [37m/wd/hub/session/fcea893e-9f33-429d-933d-7caef722e502/elements[39m
[35m[HTTP][39m [90m{"using":"xpath","value":"//*[@class = 'android.widget.TextView' and (@text = concat(\"We\" , \"'\" , \"re processing your prepaid top-up. You\" , \"'\" , \"ll receive a notification once it\" , \"'\" , \"s done!\") or . = concat(\"We\" , \"'\" , \"re processing your prepaid top-up. You\" , \"'\" , \"ll receive a notification once it\" , \"'\" , \"s done!\"))]"}[39m
[35m[HTTP][39m [37m<-- POST /wd/hub/session/fcea893e-9f33-429d-933d-7caef722e502/elements [39m[32m200[39m [90m296 ms - 139[39m
[35m[HTTP][39m [90m[39m
[35m[HTTP][39m [37m-->[39m [37mPOST[39m [37m/wd/hub/session/fcea893e-9f33-429d-933d-7caef722e502/elements[39m
[35m[HTTP][39m [90m{"using":"xpath","value":"//*[@class = 'android.widget.TextView' and (@text = concat(\"We\" , \"'\" , \"re processing your prepaid top-up. You\" , \"'\" , \"ll receive a notification once it\" , \"'\" , \"s done!\") or . = concat(\"We\" , \"'\" , \"re processing your prepaid top-up. You\" , \"'\" , \"ll receive a notification once it\" , \"'\" , \"s done!\"))]"}[39m
[35m[HTTP][39m [37m<-- POST /wd/hub/session/fcea893e-9f33-429d-933d-7caef722e502/elements [39m[32m200[39m [90m263 ms - 139[39m
[35m[HTTP][39m [90m[39m
[35m[HTTP][39m [37m-->[39m [37mGET[39m [37m/wd/hub/session/fcea893e-9f33-429d-933d-7caef722e502/source[39m
[35m[HTTP][39m [90m{}[39m
[35m[W3C (fcea893e)][39m Driver proxy active, passing request on via HTTP proxy
[35m[WD Proxy][39m Replacing sessionId 7a84731e-f9fe-4ae9-8a5f-829f00e12db8 with fcea893e-9f33-429d-933d-7caef722e502
[35m[HTTP][39m [37m<-- GET /wd/hub/session/fcea893e-9f33-429d-933d-7caef722e502/source [39m[32m200[39m [90m452 ms - 23639[39m
[35m[HTTP][39m [90m[39m
[35m[HTTP][39m [37m-->[39m [37mGET[39m [37m/wd/hub/session/fcea893e-9f33-429d-933d-7caef722e502/screenshot[39m
[35m[HTTP][39m [90m{}[39m
[35m[HTTP][39m [37m<-- GET /wd/hub/session/fcea893e-9f33-429d-933d-7caef722e502/screenshot [39m[32m200[39m [90m1037 ms - 217986[39m
[35m[HTTP][39m [90m[39m
[35m[HTTP][39m [37m-->[39m [37mDELETE[39m [37m/wd/hub/session/fcea893e-9f33-429d-933d-7caef722e502[39m
[35m[HTTP][39m [90m{}[39m
[35m[Appium][39m Removing session fcea893e-9f33-429d-933d-7caef722e502 from our master session list
[35m[UiAutomator2][39m Restoring hidden api policy to the device default configuration
[35m[HTTP][39m [37m<-- DELETE /wd/hub/session/fcea893e-9f33-429d-933d-7caef722e502 [39m[32m200[39m [90m473 ms - 14[39m
[35m[HTTP][39m [90m[39m
